<?xml version="1.0" encoding="UTF-8"?>
<testsuite name="MultiplicationTest" tests="1" skipped="0" failures="0" errors="0" timestamp="2020-03-17T20:36:09" hostname="efi-PC" time="4.398">
  <properties/>
  <testcase name="testCall" classname="MultiplicationTest" time="4.398"/>
  <system-out><![CDATA[]]></system-out>
  <system-err><![CDATA[]]></system-err>
</testsuite>
