<?xml version="1.0" encoding="UTF-8"?>
<testsuite name="unitTest" tests="2" skipped="0" failures="0" errors="0" timestamp="2020-03-17T14:34:41" hostname="efi-PC" time="0.03">
  <properties/>
  <testcase name="more" classname="unitTest" time="0.029"/>
  <testcase name="test" classname="unitTest" time="0.001"/>
  <system-out><![CDATA[]]></system-out>
  <system-err><![CDATA[]]></system-err>
</testsuite>
